2025-12-06 08:31:58,921 - INFO - Starting GPS receiver process...
2025-12-06 08:32:00,928 - INFO - GPS receiver started successfully (PID: 14600)
2025-12-06 08:32:00,929 - INFO - GPS Receiver Monitor started
2025-12-06 08:41:46,725 - INFO - Received signal 2, shutting down...
2025-12-06 08:41:46,725 - INFO - Stopping GPS receiver process...
2025-12-06 08:41:46,726 - INFO - GPS receiver stopped successfully
2025-12-06 08:41:47,182 - WARNING - GPS receiver process not found, attempting to restart...
2025-12-06 08:41:47,882 - INFO - Starting GPS receiver process...
2025-12-06 08:41:49,895 - INFO - GPS receiver started successfully (PID: 16180)
2025-12-06 08:41:49,895 - INFO - GPS receiver restarted successfully
2025-12-06 08:41:54,895 - INFO - GPS Receiver Monitor stopped
2025-12-06 08:41:54,895 - INFO - Stopping GPS receiver process...
2025-12-06 08:41:54,897 - INFO - GPS receiver stopped successfully
2025-12-06 08:41:57,008 - INFO - Starting GPS receiver process...
2025-12-06 08:41:59,018 - INFO - GPS receiver started successfully (PID: 7348)
2025-12-06 08:41:59,018 - INFO - GPS Receiver Monitor started
2025-12-06 08:45:12,892 - INFO - Received signal 2, shutting down...
2025-12-06 08:45:12,892 - INFO - Stopping GPS receiver process...
2025-12-06 08:45:12,896 - INFO - GPS receiver stopped successfully
2025-12-06 08:45:17,636 - INFO - GPS Receiver Monitor stopped
2025-12-06 08:45:17,636 - INFO - Stopping GPS receiver process...
2025-12-06 08:45:17,636 - INFO - GPS receiver stopped successfully
2025-12-06 08:48:41,683 - INFO - Starting GPS receiver process...
2025-12-06 08:48:43,693 - INFO - GPS receiver started successfully (PID: 2280)
2025-12-06 08:48:43,693 - INFO - GPS Receiver Monitor started
2025-12-06 09:02:36,365 - INFO - Received signal 2, shutting down...
2025-12-06 09:02:36,366 - INFO - Stopping GPS receiver process...
2025-12-06 09:02:36,367 - INFO - GPS receiver stopped successfully
2025-12-06 09:02:38,753 - INFO - GPS Receiver Monitor stopped
2025-12-06 09:02:38,753 - INFO - Stopping GPS receiver process...
2025-12-06 09:02:38,753 - INFO - GPS receiver stopped successfully
2025-12-06 09:03:58,776 - INFO - Starting GPS receiver process...
2025-12-06 09:04:00,787 - INFO - GPS receiver started successfully (PID: 13916)
2025-12-06 09:04:00,787 - INFO - GPS Receiver Monitor started
2025-12-06 09:51:05,342 - INFO - Received signal 2, shutting down...
2025-12-06 09:51:05,342 - INFO - Stopping GPS receiver process...
2025-12-06 09:51:05,343 - INFO - GPS receiver stopped successfully
2025-12-06 09:51:07,416 - INFO - GPS Receiver Monitor stopped
2025-12-06 09:51:07,416 - INFO - Stopping GPS receiver process...
2025-12-06 09:51:07,416 - INFO - GPS receiver stopped successfully
2025-12-06 09:51:14,679 - INFO - Starting GPS receiver process...
2025-12-06 09:51:16,687 - INFO - GPS receiver started successfully (PID: 9312)
2025-12-06 09:51:16,687 - INFO - GPS Receiver Monitor started
2025-12-06 09:58:45,357 - INFO - Received signal 2, shutting down...
2025-12-06 09:58:45,357 - INFO - Stopping GPS receiver process...
2025-12-06 09:58:45,358 - INFO - GPS receiver stopped successfully
2025-12-06 09:58:48,801 - INFO - GPS Receiver Monitor stopped
2025-12-06 09:58:48,801 - INFO - Stopping GPS receiver process...
2025-12-06 09:58:48,801 - INFO - GPS receiver stopped successfully
2025-12-06 09:59:08,108 - INFO - Starting GPS receiver process...
2025-12-06 09:59:10,117 - INFO - GPS receiver started successfully (PID: 12332)
2025-12-06 09:59:10,117 - INFO - GPS Receiver Monitor started
